<?xml version="1.0" encoding="UTF-8"?>
<testng-results ignored="0" total="2" passed="2" failed="0" skipped="0">
  <reporter-output>
  </reporter-output>
  <suite started-at="2022-03-16T09:58:44 IST" name="Default suite" finished-at="2022-03-16T09:58:56 IST" duration-ms="12049">
    <groups>
    </groups>
    <test started-at="2022-03-16T09:58:44 IST" name="Default test" finished-at="2022-03-16T09:58:56 IST" duration-ms="12049">
      <class name="resttesting.Ecommerce">
        <test-method signature="signup()[pri:0, instance:resttesting.Ecommerce@41fecb8b]" started-at="2022-03-16T09:58:44 IST" name="signup" finished-at="2022-03-16T09:58:52 IST" duration-ms="7788" status="PASS">
          <reporter-output>
          </reporter-output>
        </test-method> <!-- signup -->
        <test-method signature="Login()[pri:1, instance:resttesting.Ecommerce@41fecb8b]" started-at="2022-03-16T09:58:52 IST" name="Login" finished-at="2022-03-16T09:58:56 IST" duration-ms="4196" status="PASS">
          <reporter-output>
          </reporter-output>
        </test-method> <!-- Login -->
      </class> <!-- resttesting.Ecommerce -->
    </test> <!-- Default test -->
  </suite> <!-- Default suite -->
</testng-results>
